Building DAG of jobs...
Using shell: /bin/bash
Provided cores: 1 (use --cores to define parallelism)
Rules claiming more threads will be scaled down.
Job counts:
	count	jobs
	1	all
	2	convert_bgen_to_plink
	1	merge_chromosomes
	4

[Sun Nov 14 17:09:39 2021]
rule convert_bgen_to_plink:
    input: /gpfs/data/pierce-lab/uk-biobank-genotypes/ukb_imp_chr22_v3.bgen, /gpfs/data/pierce-lab/uk-biobank-genotypes/ukb17346_imp_chr17_v3_s487378.sample
    output: /scratch/jgblanc/stratification-data_analysis/UKBB_plink-files/ukb_imp_chr22_v3.psam, /scratch/jgblanc/stratification-data_analysis/UKBB_plink-files/ukb_imp_chr22_v3.pvar, /scratch/jgblanc/stratification-data_analysis/UKBB_plink-files/ukb_imp_chr22_v3.pgen
    jobid: 3
    wildcards: chr=22

[Sun Nov 14 21:05:52 2021]
Finished job 3.
1 of 4 steps (25%) done

[Sun Nov 14 21:05:52 2021]
rule convert_bgen_to_plink:
    input: /gpfs/data/pierce-lab/uk-biobank-genotypes/ukb_imp_chr21_v3.bgen, /gpfs/data/pierce-lab/uk-biobank-genotypes/ukb17346_imp_chr17_v3_s487378.sample
    output: /scratch/jgblanc/stratification-data_analysis/UKBB_plink-files/ukb_imp_chr21_v3.psam, /scratch/jgblanc/stratification-data_analysis/UKBB_plink-files/ukb_imp_chr21_v3.pvar, /scratch/jgblanc/stratification-data_analysis/UKBB_plink-files/ukb_imp_chr21_v3.pgen
    jobid: 2
    wildcards: chr=21

[Mon Nov 15 00:52:18 2021]
Finished job 2.
2 of 4 steps (50%) done

[Mon Nov 15 00:52:18 2021]
rule merge_chromosomes:
    input: /scratch/jgblanc/stratification-data_analysis/UKBB_plink-files/ukb_imp_chr21_v3.psam, /scratch/jgblanc/stratification-data_analysis/UKBB_plink-files/ukb_imp_chr22_v3.psam, /scratch/jgblanc/stratification-data_analysis/UKBB_plink-files/ukb_imp_chr21_v3.pvar, /scratch/jgblanc/stratification-data_analysis/UKBB_plink-files/ukb_imp_chr22_v3.pvar, /scratch/jgblanc/stratification-data_analysis/UKBB_plink-files/ukb_imp_chr21_v3.pgen, /scratch/jgblanc/stratification-data_analysis/UKBB_plink-files/ukb_imp_chr22_v3.pgen, /scratch/jgblanc/stratification-data_analysis/UKBB_plink-files/chromosome_list.txt
    output: /scratch/jgblanc/stratification-data_analysis/UKBB_plink-files/ukb_imp_genos.psam, /scratch/jgblanc/stratification-data_analysis/UKBB_plink-files/ukb_imp_genos.pvar, /scratch/jgblanc/stratification-data_analysis/UKBB_plink-files/ukb_imp_genos.pgen
    jobid: 1

[Mon Nov 15 01:02:14 2021]
Finished job 1.
3 of 4 steps (75%) done

[Mon Nov 15 01:02:14 2021]
localrule all:
    input: /scratch/jgblanc/stratification-data_analysis/UKBB_plink-files/ukb_imp_genos.psam
    jobid: 0

[Mon Nov 15 01:02:14 2021]
Finished job 0.
4 of 4 steps (100%) done
Complete log: /home/jgblanc/stratification-data_analysis/.snakemake/log/2021-11-14T170937.994471.snakemake.log
