Building DAG of jobs...
Using shell: /bin/bash
Provided cores: 1 (use --cores to define parallelism)
Rules claiming more threads will be scaled down.
Job counts:
	count	jobs
	1	list_UKBB_SNPIDs_chromosome
	1

[Tue Dec  7 17:48:02 2021]
rule list_UKBB_SNPIDs_chromosome:
    input: /gpfs/data/pierce-lab/uk-biobank-genotypes/ukb_imp_chr22_v3.bgen, /gpfs/data/pierce-lab/uk-biobank-genotypes/ukb17346_imp_chr17_v3_s487378.sample
    output: /scratch/jgblanc/stratification-data_analysis/UKBB/variant_IDs/SNPs_22.txt
    jobid: 0
    wildcards: root=/scratch/jgblanc/stratification-data_analysis, chr=22

[Tue Dec  7 17:48:02 2021]
Error in rule list_UKBB_SNPIDs_chromosome:
    jobid: 0
    output: /scratch/jgblanc/stratification-data_analysis/UKBB/variant_IDs/SNPs_22.txt
    shell:
        
	plink2 --bgen /gpfs/data/pierce-lab/uk-biobank-genotypes/ukb_imp_chr22_v3.bgen ref-first --sample /gpfs/data/pierce-lab/uk-biobank-genotypes/ukb17346_imp_chr17_v3_s487378.sample --maf 0.05 --rm-dup exclude-all --make-bgen --out /scratch/jgblanc/stratification-data_analysis/UKBB_plink-files/ukb_imp_chr22_v3
	cut -f 2 /scratch/jgblanc/stratification-data_analysis/UKBB_plink-files/ukb_imp_chr22_v3.bim > /scratch/jgblanc/stratification-data_analysis/UKBB/variant_IDs/SNPs_22.txt
	
        (one of the commands exited with non-zero exit code; note that snakemake uses bash strict mode!)

Shutting down, this might take some time.
Exiting because a job execution failed. Look above for error message
Complete log: /home/jgblanc/stratification-data_analysis/.snakemake/log/2021-12-07T174802.021040.snakemake.log
