Building DAG of jobs...
Using shell: /bin/bash
Provided cores: 1 (use --cores to define parallelism)
Rules claiming more threads will be scaled down.
Job counts:
	count	jobs
	1	subset_1KG_IDs_EUR
	1

[Mon Nov 22 13:48:03 2021]
rule subset_1KG_IDs_EUR:
    output: /scratch/jgblanc/stratification-data_analysis/1000G_Genotypes/FIN_IDs.txt, /scratch/jgblanc/stratification-data_analysis/1000G_Genotypes/Mainland_IDs.txt
    jobid: 0

Terminating processes on user request, this might take some time.
[Mon Nov 22 13:48:25 2021]
Error in rule subset_1KG_IDs_EUR:
    jobid: 0
    output: /scratch/jgblanc/stratification-data_analysis/1000G_Genotypes/FIN_IDs.txt, /scratch/jgblanc/stratification-data_analysis/1000G_Genotypes/Mainland_IDs.txt
    shell:
        
	awk '$4 == "FIN"'  > /scratch/jgblanc/stratification-data_analysis/1000G_Genotypes/FIN_IDs.txt
	awk '$4 == "GBR" || $4 == "CEU" ||  $4 == "IBS"  ||  $4 == "TSI"'  > /scratch/jgblanc/stratification-data_analysis/1000G_Genotypes/Mainland_IDs.txt
	
        (one of the commands exited with non-zero exit code; note that snakemake uses bash strict mode!)

Removing output files of failed job subset_1KG_IDs_EUR since they might be corrupted:
/scratch/jgblanc/stratification-data_analysis/1000G_Genotypes/FIN_IDs.txt
Complete log: /home/jgblanc/stratification-data_analysis/.snakemake/log/2021-11-22T134803.345612.snakemake.log
